Sent TLS Record
Header:
  Version = TLS 1.0 (0x301)
  Content Type = Handshake (22)
  Length = 317
    ClientHello, Length=313
      client_version=0x303 (TLS 1.2)
      Random:
        gmt_unix_time=0xB1D00976
        random_bytes (len=28): 52580659530DF8A17AE2391CF2EB0C89E384887092024A20D4BFF9ED
      session_id (len=32): EEFC1FE3BFC1657E01243EC6F12B3EEE6F75E97585264328B4252D3B5BD71EEA
      cipher_suites (len=62)
        {0x13, 0x02} TLS_AES_256_GCM_SHA384
        {0x13, 0x03} TLS_CHACHA20_POLY1305_SHA256
        {0x13, 0x01} TLS_AES_128_GCM_SHA256
        {0xC0, 0x2C} TLS_ECDHE_ECDSA_WITH_AES_256_GCM_SHA384
        {0xC0, 0x30} TLS_ECDHE_RSA_WITH_AES_256_GCM_SHA384
        {0x00, 0x9F} TLS_DHE_RSA_WITH_AES_256_GCM_SHA384
        {0xCC, 0xA9} TLS_ECDHE_ECDSA_WITH_CHACHA20_POLY1305_SHA256
        {0xCC, 0xA8} TLS_ECDHE_RSA_WITH_CHACHA20_POLY1305_SHA256
        {0xCC, 0xAA} TLS_DHE_RSA_WITH_CHACHA20_POLY1305_SHA256
        {0xC0, 0x2B} TLS_ECDHE_ECDSA_WITH_AES_128_GCM_SHA256
        {0xC0, 0x2F} TLS_ECDHE_RSA_WITH_AES_128_GCM_SHA256
        {0x00, 0x9E} TLS_DHE_RSA_WITH_AES_128_GCM_SHA256
        {0xC0, 0x24} TLS_ECDHE_ECDSA_WITH_AES_256_CBC_SHA384
        {0xC0, 0x28} TLS_ECDHE_RSA_WITH_AES_256_CBC_SHA384
        {0x00, 0x6B} TLS_DHE_RSA_WITH_AES_256_CBC_SHA256
        {0xC0, 0x23} TLS_ECDHE_ECDSA_WITH_AES_128_CBC_SHA256
        {0xC0, 0x27} TLS_ECDHE_RSA_WITH_AES_128_CBC_SHA256
        {0x00, 0x67} TLS_DHE_RSA_WITH_AES_128_CBC_SHA256
        {0xC0, 0x0A} TLS_ECDHE_ECDSA_WITH_AES_256_CBC_SHA
        {0xC0, 0x14} TLS_ECDHE_RSA_WITH_AES_256_CBC_SHA
        {0x00, 0x39} TLS_DHE_RSA_WITH_AES_256_CBC_SHA
        {0xC0, 0x09} TLS_ECDHE_ECDSA_WITH_AES_128_CBC_SHA
        {0xC0, 0x13} TLS_ECDHE_RSA_WITH_AES_128_CBC_SHA
        {0x00, 0x33} TLS_DHE_RSA_WITH_AES_128_CBC_SHA
        {0x00, 0x9D} TLS_RSA_WITH_AES_256_GCM_SHA384
        {0x00, 0x9C} TLS_RSA_WITH_AES_128_GCM_SHA256
        {0x00, 0x3D} TLS_RSA_WITH_AES_256_CBC_SHA256
        {0x00, 0x3C} TLS_RSA_WITH_AES_128_CBC_SHA256
        {0x00, 0x35} TLS_RSA_WITH_AES_256_CBC_SHA
        {0x00, 0x2F} TLS_RSA_WITH_AES_128_CBC_SHA
        {0x00, 0xFF} TLS_EMPTY_RENEGOTIATION_INFO_SCSV
      compression_methods (len=1)
        No Compression (0x00)
      extensions, length = 178
        extension_type=server_name(0), length=19
          0000 - 00 11 00 00 0e 73 6d 74-70 2e 67 6d 61 69 6c   .....smtp.gmail
          000f - 2e 63 6f 6d                                    .com
        extension_type=ec_point_formats(11), length=4
          uncompressed (0)
          ansiX962_compressed_prime (1)
          ansiX962_compressed_char2 (2)
        extension_type=supported_groups(10), length=22
          ecdh_x25519 (29)
          secp256r1 (P-256) (23)
          ecdh_x448 (30)
          secp521r1 (P-521) (25)
          secp384r1 (P-384) (24)
          ffdhe2048 (256)
          ffdhe3072 (257)
          ffdhe4096 (258)
          ffdhe6144 (259)
          ffdhe8192 (260)
        extension_type=session_ticket(35), length=0
        extension_type=encrypt_then_mac(22), length=0
        extension_type=extended_master_secret(23), length=0
        extension_type=signature_algorithms(13), length=48
          ecdsa_secp256r1_sha256 (0x0403)
          ecdsa_secp384r1_sha384 (0x0503)
          ecdsa_secp521r1_sha512 (0x0603)
          ed25519 (0x0807)
          ed448 (0x0808)
          ecdsa_brainpoolP256r1_sha256 (0x081a)
          ecdsa_brainpoolP384r1_sha384 (0x081b)
          ecdsa_brainpoolP512r1_sha512 (0x081c)
          rsa_pss_pss_sha256 (0x0809)
          rsa_pss_pss_sha384 (0x080a)
          rsa_pss_pss_sha512 (0x080b)
          rsa_pss_rsae_sha256 (0x0804)
          rsa_pss_rsae_sha384 (0x0805)
          rsa_pss_rsae_sha512 (0x0806)
          rsa_pkcs1_sha256 (0x0401)
          rsa_pkcs1_sha384 (0x0501)
          rsa_pkcs1_sha512 (0x0601)
          ecdsa_sha224 (0x0303)
          rsa_pkcs1_sha224 (0x0301)
          dsa_sha224 (0x0302)
          dsa_sha256 (0x0402)
          dsa_sha384 (0x0502)
          dsa_sha512 (0x0602)
        extension_type=supported_versions(43), length=5
          TLS 1.3 (772)
          TLS 1.2 (771)
        extension_type=psk_key_exchange_modes(45), length=2
          psk_dhe_ke (1)
        extension_type=key_share(51), length=38
            NamedGroup: ecdh_x25519 (29)
            key_exchange:  (len=32): 23C9717E69D88412A3EAD850FEDEC460507B068BD5914116368422C929B5614B

Received TLS Record
Header:
  Version = TLS 1.2 (0x303)
  Content Type = Handshake (22)
  Length = 122
    ServerHello, Length=118
      server_version=0x303 (TLS 1.2)
      Random:
        gmt_unix_time=0x6A044940
        random_bytes (len=28): D49E84A30C7211AB9F63A36A6BE76C3DA4136C2B9D62E37D886C17AB
      session_id (len=32): EEFC1FE3BFC1657E01243EC6F12B3EEE6F75E97585264328B4252D3B5BD71EEA
      cipher_suite {0x13, 0x02} TLS_AES_256_GCM_SHA384
      compression_method: No Compression (0x00)
      extensions, length = 46
        extension_type=key_share(51), length=36
            NamedGroup: ecdh_x25519 (29)
            key_exchange:  (len=32): 7CF12AE2993F652FCE6F8940A9FE0830F32BAC7F2891575238C108D5F092F35F
        extension_type=supported_versions(43), length=2
            TLS 1.3 (772)

Received TLS Record
Header:
  Version = TLS 1.2 (0x303)
  Content Type = ChangeCipherSpec (20)
  Length = 1
Received TLS Record
Header:
  Version = TLS 1.2 (0x303)
  Content Type = ApplicationData (23)
  Length = 3969
  Inner Content Type = Handshake (22)
    EncryptedExtensions, Length=2
      No extensions

    Certificate, Length=3811
      context (len=0): 
      certificate_list, length=3807
        ASN.1Cert, length=1115
------details-----
Certificate:
    Data:
        Version: 3 (0x2)
        Serial Number:
            19:ac:2d:d2:6b:ac:8b:b9:12:9b:be:b7:4e:1b:fe:1a
        Signature Algorithm: sha256WithRSAEncryption
        Issuer: C = US, O = Google Trust Services, CN = WR2
        Validity
            Not Before: Jun  3 07:31:49 2024 GMT
            Not After : Aug 26 07:31:48 2024 GMT
        Subject: CN = smtp.gmail.com
        Subject Public Key Info:
            Public Key Algorithm: id-ecPublicKey
                Public-Key: (256 bit)
                pub:
                    04:45:4d:9e:37:3c:05:41:29:27:18:5d:42:9d:0f:
                    67:7b:03:44:55:7a:17:a7:38:39:d4:99:a1:85:4e:
                    2f:e0:de:e9:39:9e:a8:96:05:16:9c:95:ae:54:a8:
                    8e:63:7a:99:18:fb:c8:a9:4e:34:15:41:b7:29:b2:
                    32:99:09:f3:a1
                ASN1 OID: prime256v1
                NIST CURVE: P-256
        X509v3 extensions:
            X509v3 Key Usage: critical
                Digital Signature
            X509v3 Extended Key Usage: 
                TLS Web Server Authentication
            X509v3 Basic Constraints: critical
                CA:FALSE
            X509v3 Subject Key Identifier: 
                23:C0:B8:EE:CF:C7:20:E3:4E:30:8B:60:B6:C2:0F:58:91:69:B8:75
            X509v3 Authority Key Identifier: 
                DE:1B:1E:ED:79:15:D4:3E:37:24:C3:21:BB:EC:34:39:6D:42:B2:30
            Authority Information Access: 
                OCSP - URI:http://o.pki.goog/wr2
                CA Issuers - URI:http://i.pki.goog/wr2.crt
            X509v3 Subject Alternative Name: 
                DNS:smtp.gmail.com
            X509v3 Certificate Policies: 
                Policy: 2.23.140.1.2.1
            X509v3 CRL Distribution Points: 
                Full Name:
                  URI:http://c.pki.goog/wr2/75r4ZyA3vA0.crl
            CT Precertificate SCTs: 
                Signed Certificate Timestamp:
                    Version   : v1 (0x0)
                    Log ID    : 76:FF:88:3F:0A:B6:FB:95:51:C2:61:CC:F5:87:BA:34:
                                B4:A4:CD:BB:29:DC:68:42:0A:9F:E6:67:4C:5A:3A:74
                    Timestamp : Jun  3 08:31:50.830 2024 GMT
                    Extensions: none
                    Signature : ecdsa-with-SHA256
                                30:45:02:20:4B:5F:5B:EA:69:59:39:E5:20:F6:FE:10:
                                DD:AA:8E:A6:E9:74:FC:D0:A2:2F:6F:8F:F4:40:75:96:
                                55:C9:69:AF:02:21:00:E0:7F:D5:5F:C0:AF:3C:E2:E0:
                                FD:EE:34:A4:7C:64:57:DA:DC:6E:E0:57:CB:13:83:A8:
                                DF:67:4B:00:F9:4B:29
                Signed Certificate Timestamp:
                    Version   : v1 (0x0)
                    Log ID    : DF:E1:56:EB:AA:05:AF:B5:9C:0F:86:71:8D:A8:C0:32:
                                4E:AE:56:D9:6E:A7:F5:A5:6A:01:D1:C1:3B:BE:52:5C
                    Timestamp : Jun  3 08:31:51.006 2024 GMT
                    Extensions: none
                    Signature : ecdsa-with-SHA256
                                30:46:02:21:00:92:05:BC:01:6B:A0:CE:85:9F:5B:CC:
                                C2:B6:8C:EE:15:28:D3:92:E0:7E:2A:C5:F5:8F:07:F6:
                                FD:BB:62:FC:03:02:21:00:DF:0A:2C:23:6C:53:06:3C:
                                79:FE:8D:F2:45:81:F0:42:EC:65:FF:1C:59:12:9E:91:
                                22:F8:04:3B:B4:D6:02:3C
    Signature Algorithm: sha256WithRSAEncryption
    Signature Value:
        88:32:92:01:bd:67:00:12:37:c2:4f:f5:4f:0a:69:26:2f:05:
        e9:d8:2b:f9:58:6a:59:85:66:a8:fa:28:14:80:de:2c:f2:48:
        13:51:c0:02:0b:64:71:fd:86:4c:e6:e1:35:ff:8d:b8:b8:a7:
        24:e6:fb:5d:89:99:57:de:93:1d:69:82:bc:86:94:c1:6b:fe:
        20:58:89:26:6f:db:a3:dd:ea:a2:f1:65:60:4a:c7:36:7b:5d:
        ed:da:be:45:d6:03:c1:fc:53:65:95:d1:03:51:89:e2:c8:48:
        c1:f5:b7:34:3c:af:4e:27:6e:f2:28:79:8b:41:95:bc:46:2a:
        3e:6c:ee:9e:d7:b5:7e:53:95:86:d8:0b:8a:fd:f0:02:bc:02:
        5e:26:3b:b7:20:2e:a5:bd:4a:1a:f2:3f:fb:2f:d1:92:46:07:
        e8:65:54:19:75:56:d4:5b:62:83:c5:ee:ee:37:98:8d:6f:e4:
        0a:fc:4f:93:58:9f:21:1a:73:eb:5a:66:09:35:8e:a9:47:dc:
        fd:fa:bd:ea:2a:e7:a5:59:84:05:63:a3:ad:2f:00:cc:0e:62:
        ec:e8:db:7c:88:8e:d6:55:df:e0:ef:82:a9:c6:5d:29:ee:26:
        25:f9:e5:03:f9:38:da:66:b8:e1:c5:30:6e:54:7b:52:d2:db:
        5c:9d:42:58
-----BEGIN CERTIFICATE-----
MIIEVzCCAz+gAwIBAgIQGawt0musi7kSm763Thv+GjANBgkqhkiG9w0BAQsFADA7
MQswCQYDVQQGEwJVUzEeMBwGA1UEChMVR29vZ2xlIFRydXN0IFNlcnZpY2VzMQww
CgYDVQQDEwNXUjIwHhcNMjQwNjAzMDczMTQ5WhcNMjQwODI2MDczMTQ4WjAZMRcw
FQYDVQQDEw5zbXRwLmdtYWlsLmNvbTBZMBMGByqGSM49AgEGCCqGSM49AwEHA0IA
BEVNnjc8BUEpJxhdQp0PZ3sDRFV6F6c4OdSZoYVOL+De6TmeqJYFFpyVrlSojmN6
mRj7yKlONBVBtymyMpkJ86GjggJCMIICPjAOBgNVHQ8BAf8EBAMCB4AwEwYDVR0l
BAwwCgYIKwYBBQUHAwEwDAYDVR0TAQH/BAIwADAdBgNVHQ4EFgQUI8C47s/HIONO
MItgtsIPWJFpuHUwHwYDVR0jBBgwFoAU3hse7XkV1D43JMMhu+w0OW1CsjAwWAYI
KwYBBQUHAQEETDBKMCEGCCsGAQUFBzABhhVodHRwOi8vby5wa2kuZ29vZy93cjIw
JQYIKwYBBQUHMAKGGWh0dHA6Ly9pLnBraS5nb29nL3dyMi5jcnQwGQYDVR0RBBIw
EIIOc210cC5nbWFpbC5jb20wEwYDVR0gBAwwCjAIBgZngQwBAgEwNgYDVR0fBC8w
LTAroCmgJ4YlaHR0cDovL2MucGtpLmdvb2cvd3IyLzc1cjRaeUEzdkEwLmNybDCC
AQUGCisGAQQB1nkCBAIEgfYEgfMA8QB2AHb/iD8KtvuVUcJhzPWHujS0pM27Kdxo
Qgqf5mdMWjp0AAABj9056C4AAAQDAEcwRQIgS19b6mlZOeUg9v4Q3aqOpul0/NCi
L2+P9EB1llXJaa8CIQDgf9VfwK884uD97jSkfGRX2txu4FfLE4Oo32dLAPlLKQB3
AN/hVuuqBa+1nA+GcY2owDJOrlbZbqf1pWoB0cE7vlJcAAABj9056N4AAAQDAEgw
RgIhAJIFvAFroM6Fn1vMwraM7hUo05LgfirF9Y8H9v27YvwDAiEA3wosI2xTBjx5
/o3yRYHwQuxl/xxZEp6RIvgEO7TWAjwwDQYJKoZIhvcNAQELBQADggEBAIgykgG9
ZwASN8JP9U8KaSYvBenYK/lYalmFZqj6KBSA3izySBNRwAILZHH9hkzm4TX/jbi4
pyTm+12JmVfekx1pgryGlMFr/iBYiSZv26Pd6qLxZWBKxzZ7Xe3avkXWA8H8U2WV
0QNRieLISMH1tzQ8r04nbvIoeYtBlbxGKj5s7p7XtX5TlYbYC4r98AK8Al4mO7cg
LqW9ShryP/sv0ZJGB+hlVBl1VtRbYoPF7u43mI1v5Ar8T5NYnyEac+taZgk1jqlH
3P36veoq56VZhAVjo60vAMwOYuzo23yIjtZV3+DvgqnGXSnuJiX55QP5ONpmuOHF
MG5Ue1LS21ydQlg=
-----END CERTIFICATE-----
------------------
        No extensions
        ASN.1Cert, length=1295
------details-----
Certificate:
    Data:
        Version: 3 (0x2)
        Serial Number:
            7f:f0:05:a0:7c:4c:de:d1:00:ad:9d:66:a5:10:7b:98
        Signature Algorithm: sha256WithRSAEncryption
        Issuer: C = US, O = Google Trust Services LLC, CN = GTS Root R1
        Validity
            Not Before: Dec 13 09:00:00 2023 GMT
            Not After : Feb 20 14:00:00 2029 GMT
        Subject: C = US, O = Google Trust Services, CN = WR2
        Subject Public Key Info:
            Public Key Algorithm: rsaEncryption
                Public-Key: (2048 bit)
                Modulus:
                    00:a9:ff:9c:7f:45:1e:70:a8:53:9f:ca:d9:e5:0d:
                    de:46:57:57:7d:bc:8f:9a:5a:ac:46:f1:84:9a:bb:
                    91:db:c9:fb:2f:01:fb:92:09:00:16:5e:a0:1c:f8:
                    c1:ab:f9:78:2f:4a:cc:d8:85:a2:d8:59:3c:0e:d3:
                    18:fb:b1:f5:24:0d:26:ee:b6:5b:64:76:7c:14:c7:
                    2f:7a:ce:a8:4c:b7:f4:d9:08:fc:df:87:23:35:20:
                    a8:e2:69:e2:8c:4e:3f:b1:59:fa:60:a2:1e:b3:c9:
                    20:53:19:82:ca:36:53:6d:60:4d:e9:00:91:fc:76:
                    8d:5c:08:0f:0a:c2:dc:f1:73:6b:c5:13:6e:0a:4f:
                    7a:c2:f2:02:1c:2e:b4:63:83:da:31:f6:2d:75:30:
                    b2:fb:ab:c2:6e:db:a9:c0:0e:b9:f9:67:d4:c3:25:
                    57:74:eb:05:b4:e9:8e:b5:de:28:cd:cc:7a:14:e4:
                    71:03:cb:4d:61:2e:61:57:c5:19:a9:0b:98:84:1a:
                    e8:79:29:d9:b2:8d:2f:ff:57:6a:66:e0:ce:ab:95:
                    a8:29:96:63:70:12:67:1e:3a:e1:db:b0:21:71:d7:
                    7c:9e:fd:aa:17:6e:fe:2b:fb:38:17:14:d1:66:a7:
                    af:9a:b5:70:cc:c8:63:81:3a:8c:c0:2a:a9:76:37:
                    ce:e3
                Exponent: 65537 (0x10001)
        X509v3 extensions:
            X509v3 Key Usage: critical
                Digital Signature, Certificate Sign, CRL Sign
            X509v3 Extended Key Usage: 
                TLS Web Server Authentication, TLS Web Client Authentication
            X509v3 Basic Constraints: critical
                CA:TRUE, pathlen:0
            X509v3 Subject Key Identifier: 
                DE:1B:1E:ED:79:15:D4:3E:37:24:C3:21:BB:EC:34:39:6D:42:B2:30
            X509v3 Authority Key Identifier: 
                E4:AF:2B:26:71:1A:2B:48:27:85:2F:52:66:2C:EF:F0:89:13:71:3E
            Authority Information Access: 
                CA Issuers - URI:http://i.pki.goog/r1.crt
            X509v3 CRL Distribution Points: 
                Full Name:
                  URI:http://c.pki.goog/r/r1.crl
            X509v3 Certificate Policies: 
                Policy: 2.23.140.1.2.1
    Signature Algorithm: sha256WithRSAEncryption
    Signature Value:
        45:75:8b:e5:1f:3b:44:13:96:1a:ab:58:f1:35:c9:6f:3d:d2:
        d0:33:4a:86:33:ba:57:51:4f:ee:c4:34:da:16:12:4c:bf:13:
        9f:0d:d4:54:e9:48:79:c0:30:3c:94:25:f2:1a:f4:ba:32:94:
        b6:33:72:0b:85:ee:09:11:25:34:94:e1:6f:42:db:82:9b:7b:
        7f:2a:9a:a9:ff:7f:a9:d2:de:4a:20:cb:b3:fb:03:03:b8:f8:
        07:05:da:59:92:2f:18:46:98:ce:af:72:be:24:26:b1:1e:00:
        4d:bd:08:ad:93:41:44:0a:bb:c7:d5:01:85:bf:93:57:e3:df:
        74:12:53:0e:11:25:d3:9b:dc:de:cb:27:6e:b3:c2:b9:33:62:
        39:c2:e0:35:e1:5b:a7:09:2e:19:cb:91:2a:76:5c:f1:df:ca:
        23:84:40:a5:6f:ff:9a:41:e0:b5:ef:32:d1:85:ae:af:25:09:
        f0:62:c5:6e:c2:c8:6e:32:fd:b8:da:e2:ce:4a:91:4a:f3:85:
        55:4e:b1:75:d6:48:33:2f:6f:84:d9:12:5c:9f:d4:71:98:63:
        25:8d:69:5c:0a:6b:7d:f2:41:bd:e8:bb:8f:e4:22:d7:9d:65:
        45:e8:4c:0a:87:da:e9:60:66:88:0e:1f:c7:e1:4e:56:c5:76:
        ff:b4:7a:57:69:f2:02:22:09:26:41:1d:da:74:a2:e5:29:f3:
        c4:9a:e5:5d:d6:aa:7a:fd:e1:b7:2b:66:38:fb:e8:29:66:ba:
        ef:a0:13:2f:f8:73:7e:f0:da:40:11:1c:5d:dd:8f:a6:fc:be:
        db:be:56:f8:32:9c:1f:41:41:6d:7e:b6:c5:eb:c6:8b:36:b7:
        17:8c:9d:cf:19:7a:34:9f:21:93:c4:7e:74:35:d2:aa:fd:4c:
        6d:14:f5:c9:b0:79:5b:49:3c:f3:bf:17:48:e8:ef:9a:26:13:
        0c:87:f2:73:d6:9c:c5:52:6b:63:f7:32:90:78:a9:6b:eb:5e:
        d6:93:a1:bf:bc:18:3d:8b:59:f6:8a:c6:05:5e:52:18:e2:66:
        e0:da:c1:dc:ad:5a:25:aa:f4:45:fc:f1:0b:78:a4:af:b0:f2:
        73:a4:30:a8:34:c1:53:7f:42:96:e5:48:41:eb:90:46:0c:06:
        dc:cb:92:c6:5e:f3:44:44:43:46:29:46:a0:a6:fc:b9:8e:39:
        27:39:b1:5a:e2:b1:ad:fc:13:ff:8e:fc:26:e1:d4:fe:84:f1:
        50:5a:8e:97:6b:2d:2a:79:fb:40:64:ea:f3:3d:bd:5b:e1:a0:
        04:b0:97:48:1c:42:f5:ea:5a:1c:cd:26:c8:51:ff:14:99:67:
        89:72:5f:1d:ec:ad:5a:dd
-----BEGIN CERTIFICATE-----
MIIFCzCCAvOgAwIBAgIQf/AFoHxM3tEArZ1mpRB7mDANBgkqhkiG9w0BAQsFADBH
MQswCQYDVQQGEwJVUzEiMCAGA1UEChMZR29vZ2xlIFRydXN0IFNlcnZpY2VzIExM
QzEUMBIGA1UEAxMLR1RTIFJvb3QgUjEwHhcNMjMxMjEzMDkwMDAwWhcNMjkwMjIw
MTQwMDAwWjA7MQswCQYDVQQGEwJVUzEeMBwGA1UEChMVR29vZ2xlIFRydXN0IFNl
cnZpY2VzMQwwCgYDVQQDEwNXUjIwggEiMA0GCSqGSIb3DQEBAQUAA4IBDwAwggEK
AoIBAQCp/5x/RR5wqFOfytnlDd5GV1d9vI+aWqxG8YSau5HbyfsvAfuSCQAWXqAc
+MGr+XgvSszYhaLYWTwO0xj7sfUkDSbutltkdnwUxy96zqhMt/TZCPzfhyM1IKji
aeKMTj+xWfpgoh6zySBTGYLKNlNtYE3pAJH8do1cCA8Kwtzxc2vFE24KT3rC8gIc
LrRjg9ox9i11MLL7q8Ju26nADrn5Z9TDJVd06wW06Y613ijNzHoU5HEDy01hLmFX
xRmpC5iEGuh5KdmyjS//V2pm4M6rlagplmNwEmceOuHbsCFx13ye/aoXbv4r+zgX
FNFmp6+atXDMyGOBOozAKql2N87jAgMBAAGjgf4wgfswDgYDVR0PAQH/BAQDAgGG
MB0GA1UdJQQWMBQGCCsGAQUFBwMBBggrBgEFBQcDAjASBgNVHRMBAf8ECDAGAQH/
AgEAMB0GA1UdDgQWBBTeGx7teRXUPjckwyG77DQ5bUKyMDAfBgNVHSMEGDAWgBTk
rysmcRorSCeFL1JmLO/wiRNxPjA0BggrBgEFBQcBAQQoMCYwJAYIKwYBBQUHMAKG
GGh0dHA6Ly9pLnBraS5nb29nL3IxLmNydDArBgNVHR8EJDAiMCCgHqAchhpodHRw
Oi8vYy5wa2kuZ29vZy9yL3IxLmNybDATBgNVHSAEDDAKMAgGBmeBDAECATANBgkq
hkiG9w0BAQsFAAOCAgEARXWL5R87RBOWGqtY8TXJbz3S0DNKhjO6V1FP7sQ02hYS
TL8Tnw3UVOlIecAwPJQl8hr0ujKUtjNyC4XuCRElNJThb0Lbgpt7fyqaqf9/qdLe
SiDLs/sDA7j4BwXaWZIvGEaYzq9yviQmsR4ATb0IrZNBRAq7x9UBhb+TV+PfdBJT
DhEl05vc3ssnbrPCuTNiOcLgNeFbpwkuGcuRKnZc8d/KI4RApW//mkHgte8y0YWu
ryUJ8GLFbsLIbjL9uNrizkqRSvOFVU6xddZIMy9vhNkSXJ/UcZhjJY1pXAprffJB
vei7j+Qi151lRehMCofa6WBmiA4fx+FOVsV2/7R6V2nyAiIJJkEd2nSi5SnzxJrl
Xdaqev3htytmOPvoKWa676ATL/hzfvDaQBEcXd2Ppvy+275W+DKcH0FBbX62xevG
iza3F4ydzxl6NJ8hk8R+dDXSqv1MbRT1ybB5W0k8878XSOjvmiYTDIfyc9acxVJr
Y/cykHipa+te1pOhv7wYPYtZ9orGBV5SGOJm4NrB3K1aJar0RfzxC3ikr7Dyc6Qw
qDTBU39CluVIQeuQRgwG3MuSxl7zRERDRilGoKb8uY45JzmxWuKxrfwT/478JuHU
/oTxUFqOl2stKnn7QGTq8z29W+GgBLCXSBxC9epaHM0myFH/FJlniXJfHeytWt0=
-----END CERTIFICATE-----
------------------
        No extensions
        ASN.1Cert, length=1382
------details-----
Certificate:
    Data:
        Version: 3 (0x2)
        Serial Number:
            77:bd:0d:6c:db:36:f9:1a:ea:21:0f:c4:f0:58:d3:0d
        Signature Algorithm: sha256WithRSAEncryption
        Issuer: C = BE, O = GlobalSign nv-sa, OU = Root CA, CN = GlobalSign Root CA
        Validity
            Not Before: Jun 19 00:00:42 2020 GMT
            Not After : Jan 28 00:00:42 2028 GMT
        Subject: C = US, O = Google Trust Services LLC, CN = GTS Root R1
        Subject Public Key Info:
            Public Key Algorithm: rsaEncryption
                Public-Key: (4096 bit)
                Modulus:
                    00:b6:11:02:8b:1e:e3:a1:77:9b:3b:dc:bf:94:3e:
                    b7:95:a7:40:3c:a1:fd:82:f9:7d:32:06:82:71:f6:
                    f6:8c:7f:fb:e8:db:bc:6a:2e:97:97:a3:8c:4b:f9:
                    2b:f6:b1:f9:ce:84:1d:b1:f9:c5:97:de:ef:b9:f2:
                    a3:e9:bc:12:89:5e:a7:aa:52:ab:f8:23:27:cb:a4:
                    b1:9c:63:db:d7:99:7e:f0:0a:5e:eb:68:a6:f4:c6:
                    5a:47:0d:4d:10:33:e3:4e:b1:13:a3:c8:18:6c:4b:
                    ec:fc:09:90:df:9d:64:29:25:23:07:a1:b4:d2:3d:
                    2e:60:e0:cf:d2:09:87:bb:cd:48:f0:4d:c2:c2:7a:
                    88:8a:bb:ba:cf:59:19:d6:af:8f:b0:07:b0:9e:31:
                    f1:82:c1:c0:df:2e:a6:6d:6c:19:0e:b5:d8:7e:26:
                    1a:45:03:3d:b0:79:a4:94:28:ad:0f:7f:26:e5:a8:
                    08:fe:96:e8:3c:68:94:53:ee:83:3a:88:2b:15:96:
                    09:b2:e0:7a:8c:2e:75:d6:9c:eb:a7:56:64:8f:96:
                    4f:68:ae:3d:97:c2:84:8f:c0:bc:40:c0:0b:5c:bd:
                    f6:87:b3:35:6c:ac:18:50:7f:84:e0:4c:cd:92:d3:
                    20:e9:33:bc:52:99:af:32:b5:29:b3:25:2a:b4:48:
                    f9:72:e1:ca:64:f7:e6:82:10:8d:e8:9d:c2:8a:88:
                    fa:38:66:8a:fc:63:f9:01:f9:78:fd:7b:5c:77:fa:
                    76:87:fa:ec:df:b1:0e:79:95:57:b4:bd:26:ef:d6:
                    01:d1:eb:16:0a:bb:8e:0b:b5:c5:c5:8a:55:ab:d3:
                    ac:ea:91:4b:29:cc:19:a4:32:25:4e:2a:f1:65:44:
                    d0:02:ce:aa:ce:49:b4:ea:9f:7c:83:b0:40:7b:e7:
                    43:ab:a7:6c:a3:8f:7d:89:81:fa:4c:a5:ff:d5:8e:
                    c3:ce:4b:e0:b5:d8:b3:8e:45:cf:76:c0:ed:40:2b:
                    fd:53:0f:b0:a7:d5:3b:0d:b1:8a:a2:03:de:31:ad:
                    cc:77:ea:6f:7b:3e:d6:df:91:22:12:e6:be:fa:d8:
                    32:fc:10:63:14:51:72:de:5d:d6:16:93:bd:29:68:
                    33:ef:3a:66:ec:07:8a:26:df:13:d7:57:65:78:27:
                    de:5e:49:14:00:a2:00:7f:9a:a8:21:b6:a9:b1:95:
                    b0:a5:b9:0d:16:11:da:c7:6c:48:3c:40:e0:7e:0d:
                    5a:cd:56:3c:d1:97:05:b9:cb:4b:ed:39:4b:9c:c4:
                    3f:d2:55:13:6e:24:b0:d6:71:fa:f4:c1:ba:cc:ed:
                    1b:f5:fe:81:41:d8:00:98:3d:3a:c8:ae:7a:98:37:
                    18:05:95
                Exponent: 65537 (0x10001)
        X509v3 extensions:
            X509v3 Key Usage: critical
                Digital Signature, Certificate Sign, CRL Sign
            X509v3 Basic Constraints: critical
                CA:TRUE
            X509v3 Subject Key Identifier: 
                E4:AF:2B:26:71:1A:2B:48:27:85:2F:52:66:2C:EF:F0:89:13:71:3E
            X509v3 Authority Key Identifier: 
                60:7B:66:1A:45:0D:97:CA:89:50:2F:7D:04:CD:34:A8:FF:FC:FD:4B
            Authority Information Access: 
                OCSP - URI:http://ocsp.pki.goog/gsr1
                CA Issuers - URI:http://pki.goog/gsr1/gsr1.crt
            X509v3 CRL Distribution Points: 
                Full Name:
                  URI:http://crl.pki.goog/gsr1/gsr1.crl
            X509v3 Certificate Policies: 
                Policy: 2.23.140.1.2.1
                Policy: 2.23.140.1.2.2
                Policy: 1.3.6.1.4.1.11129.2.5.3.2
                Policy: 1.3.6.1.4.1.11129.2.5.3.3
    Signature Algorithm: sha256WithRSAEncryption
    Signature Value:
        34:a4:1e:b1:28:a3:d0:b4:76:17:a6:31:7a:21:e9:d1:52:3e:
        c8:db:74:16:41:88:b8:3d:35:1d:ed:e4:ff:93:e1:5c:5f:ab:
        bb:ea:7c:cf:db:e4:0d:d1:8b:57:f2:26:6f:5b:be:17:46:68:
        94:37:6f:6b:7a:c8:c0:18:37:fa:25:51:ac:ec:68:bf:b2:c8:
        49:fd:5a:9a:ca:01:23:ac:84:80:2b:02:8c:99:97:eb:49:6a:
        8c:75:d7:c7:de:b2:c9:97:9f:58:48:57:0e:35:a1:e4:1a:d6:
        fd:6f:83:81:6f:ef:8c:cf:97:af:c0:85:2a:f0:f5:4e:69:09:
        91:2d:e1:68:b8:c1:2b:73:e9:d4:d9:fc:22:c0:37:1f:0b:66:
        1d:49:ed:02:55:8f:67:e1:32:d7:d3:26:bf:70:e3:3d:f4:67:
        6d:3d:7c:e5:34:88:e3:32:fa:a7:6e:06:6a:6f:bd:8b:91:ee:
        16:4b:e8:3b:a9:b3:37:e7:c3:44:a4:7e:d8:6c:d7:c7:46:f5:
        92:9b:e7:d5:21:be:66:92:19:94:55:6c:d4:29:b2:0d:c1:66:
        5b:e2:77:49:48:28:ed:9d:d7:1a:33:72:53:b3:82:35:cf:62:
        8b:c9:24:8b:a5:b7:39:0c:bb:7e:2a:41:bf:52:cf:fc:a2:96:
        b6:c2:82:3f
-----BEGIN CERTIFICATE-----
MIIFYjCCBEqgAwIBAgIQd70NbNs2+RrqIQ/E8FjTDTANBgkqhkiG9w0BAQsFADBX
MQswCQYDVQQGEwJCRTEZMBcGA1UEChMQR2xvYmFsU2lnbiBudi1zYTEQMA4GA1UE
CxMHUm9vdCBDQTEbMBkGA1UEAxMSR2xvYmFsU2lnbiBSb290IENBMB4XDTIwMDYx
OTAwMDA0MloXDTI4MDEyODAwMDA0MlowRzELMAkGA1UEBhMCVVMxIjAgBgNVBAoT
GUdvb2dsZSBUcnVzdCBTZXJ2aWNlcyBMTEMxFDASBgNVBAMTC0dUUyBSb290IFIx
MIICIjANBgkqhkiG9w0BAQEFAAOCAg8AMIICCgKCAgEAthECix7joXebO9y/lD63
ladAPKH9gvl9MgaCcfb2jH/76Nu8ai6Xl6OMS/kr9rH5zoQdsfnFl97vufKj6bwS
iV6nqlKr+CMny6SxnGPb15l+8Ape62im9MZaRw1NEDPjTrETo8gYbEvs/AmQ351k
KSUjB6G00j0uYODP0gmHu81I8E3CwnqIiru6z1kZ1q+PsAewnjHxgsHA3y6mbWwZ
DrXYfiYaRQM9sHmklCitD38m5agI/pboPGiUU+6DOogrFZYJsuB6jC511pzrp1Zk
j5ZPaK49l8KEj8C8QMALXL32h7M1bKwYUH+E4EzNktMg6TO8UpmvMrUpsyUqtEj5
cuHKZPfmghCN6J3Cioj6OGaK/GP5Afl4/Xtcd/p2h/rs37EOeZVXtL0m79YB0esW
CruOC7XFxYpVq9Os6pFLKcwZpDIlTirxZUTQAs6qzkm06p98g7BAe+dDq6dso499
iYH6TKX/1Y7DzkvgtdizjkXPdsDtQCv9Uw+wp9U7DbGKogPeMa3Md+pvez7W35Ei
Eua++tgy/BBjFFFy3l3WFpO9KWgz7zpm7AeKJt8T11dleCfeXkkUAKIAf5qoIbap
sZWwpbkNFhHax2xIPEDgfg1azVY80ZcFuctL7TlLnMQ/0lUTbiSw1nH69MG6zO0b
9f6BQdgAmD06yK56mDcYBZUCAwEAAaOCATgwggE0MA4GA1UdDwEB/wQEAwIBhjAP
BgNVHRMBAf8EBTADAQH/MB0GA1UdDgQWBBTkrysmcRorSCeFL1JmLO/wiRNxPjAf
BgNVHSMEGDAWgBRge2YaRQ2XyolQL30EzTSo//z9SzBgBggrBgEFBQcBAQRUMFIw
JQYIKwYBBQUHMAGGGWh0dHA6Ly9vY3NwLnBraS5nb29nL2dzcjEwKQYIKwYBBQUH
MAKGHWh0dHA6Ly9wa2kuZ29vZy9nc3IxL2dzcjEuY3J0MDIGA1UdHwQrMCkwJ6Al
oCOGIWh0dHA6Ly9jcmwucGtpLmdvb2cvZ3NyMS9nc3IxLmNybDA7BgNVHSAENDAy
MAgGBmeBDAECATAIBgZngQwBAgIwDQYLKwYBBAHWeQIFAwIwDQYLKwYBBAHWeQIF
AwMwDQYJKoZIhvcNAQELBQADggEBADSkHrEoo9C0dhemMXoh6dFSPsjbdBZBiLg9
NR3t5P+T4Vxfq7vqfM/b5A3Ri1fyJm9bvhdGaJQ3b2t6yMAYN/olUazsaL+yyEn9
WprKASOshIArAoyZl+tJaox118fessmXn1hIVw41oeQa1v1vg4Fv74zPl6/AhSrw
9U5pCZEt4Wi4wStz6dTZ/CLANx8LZh1J7QJVj2fhMtfTJr9w4z30Z209fOU0iOMy
+qduBmpvvYuR7hZL6Dupszfnw0Skfths18dG9ZKb59UhvmaSGZRVbNQpsg3BZlvi
d0lIKO2d1xozclOzgjXPYovJJIultzkMu34qQb9Sz/yilrbCgj8=
-----END CERTIFICATE-----
------------------
        No extensions

    CertificateVerify, Length=75
      Signature Algorithm: ecdsa_secp256r1_sha256 (0x0403)
      Signature (len=71): 3045022100F5D52D9C1A4E7AA90D38871D10BE3B881F748AAC5EF842368B6480FB88D8E063022013D3CF90A76CA6ED1BB86692095A640A96E8A24EDF10C9B30700A2EC92931F31

    Finished, Length=48
      verify_data (len=48): C4BBFAFCDDE248787AF5D0B38DF060AC1B04CBF9AC47D117A08F1EEA02FC71123F6CCB98412457AB38A3043EEE223B82

Sent TLS Record
Header:
  Version = TLS 1.2 (0x303)
  Content Type = ChangeCipherSpec (20)
  Length = 1
    change_cipher_spec (1)

Sent TLS Record
Header:
  Version = TLS 1.2 (0x303)
  Content Type = ApplicationData (23)
  Length = 69
  Inner Content Type = Handshake (22)
    Finished, Length=48
      verify_data (len=48): 94A6EC2542309DFB2CF041F5C763B8CA3895583ACE4DEFD0C1F81A92D8657F0E426D972410B607DC18FCA394461DBBAA

Received TLS Record
Header:
  Version = TLS 1.2 (0x303)
  Content Type = ApplicationData (23)
  Length = 539
  Inner Content Type = Handshake (22)
    NewSessionTicket, Length=257
        ticket_lifetime_hint=172800
        ticket_age_add=2923792282
        ticket_nonce (len=1): 00
        ticket (len=239): 021D53D0C083738F50A67C0BC299E7D617C1393169BBAD67126CF866B203B14835AEA8386DC8154B7BD0FF6BA48F7F6D4A45071758BE559847513D87CC8EAB25BE17D8AD95BCAEF79B66CD89D113FAF88E15B637A67D6C460C8EB2A3729C32DD301F8C5406ECCB10DDB9EB56ACABEB3EBC9830D5C70861ABEDA031E308D5A69FB9E5CE2F15FAFF3FBB7E74BB94EA30A5D002BF2809E0E9F3927D503E283F937CC29320B805CEC57A3A07906815DC037BA3CCD66D6A038B6AD1320C5365E4AEE34B94A7FBE8E8631021FDCCE9DC8DB55B9E8E8E3AFD9D4C2E46B5181C0A37DB22A4A3B71953494E44B68EECEA6CB7D5
        extensions, length = 4
          extension_type=UNKNOWN(19018), length=0

    NewSessionTicket, Length=257
        ticket_lifetime_hint=172800
        ticket_age_add=4092278193
        ticket_nonce (len=1): 01
        ticket (len=239): 021D53D0C083738F50A67C0BC299E7D6DF1A7650864A5AC30AC60E8E40AB1C18EC3B23A3D58977382E08AFB6A5EC7431B5DE719DB56A2B1CE5F7548C7719867FCA272E052317993DC430E3410D08461128A758DD4FA9981932942544A79EED2A6851EF4F00589C965B8870FB5E7D69AD95F4B51D997188F1D2AAAB0878B8984EA7A3139837F5074E060AD6CE7B1DF3D3410CBA03DD7D6D1C03C4588DC0323449BDD8D56FE1BA1D9F7BCE9ABDCC0D8EA8A2F825872AE6CA394A225427542D254BAC615EDFA0F9EA58AC28852C46B39603377170B2E45566E8B15720987FD3C85A3564D1A353494E4235BCA82F0EBAB1
        extensions, length = 4
          extension_type=UNKNOWN(19018), length=0

Received TLS Record
Header:
  Version = TLS 1.2 (0x303)
  Content Type = ApplicationData (23)
  Length = 203
  Inner Content Type = ApplicationData (23)
Sent TLS Record
Header:
  Version = TLS 1.2 (0x303)
  Content Type = ApplicationData (23)
  Length = 19
  Inner Content Type = Alert (21)
    Level=fatal(2), description=decode error(50)

